[    0.000000] Initializing cgroup subsys cpuset
[    0.000000] Initializing cgroup subsys cpu
[    0.000000] Initializing cgroup subsys cpuacct
[    0.000000] Linux version 4.4.0-87-generic (buildd@lcy01-31) (gcc version 5.4.0 20160609 (Ubuntu 5.4.0-6ubuntu1~16.04.4) ) #110-Ubuntu SMP Tue Jul 18 12:55:35 UTC 2017 (Ubuntu 4.4.0-87.110-generic 4.4.73)
[    0.000000] Command line: BOOT_IMAGE=/boot/vmlinuz-4.4.0-87-generic root=UUID=f8e3dcb2-3cd5-4ae7-9dd4-4c623a1da140 ro console=tty1 console=ttyS0
[    0.000000] KERNEL supported cpus:
[    0.000000]   Intel GenuineIntel
[    0.000000]   AMD AuthenticAMD
[    0.000000]   Centaur CentaurHauls
[    0.000000] x86/fpu: xstate_offset[2]:  576, xstate_sizes[2]:  256
[    0.000000] x86/fpu: Supporting XSAVE feature 0x01: 'x87 floating point registers'
[    0.000000] x86/fpu: Supporting XSAVE feature 0x02: 'SSE registers'
[    0.000000] x86/fpu: Supporting XSAVE feature 0x04: 'AVX registers'
[    0.000000] x86/fpu: Enabled xstate features 0x7, context size is 832 bytes, using 'standard' format.
[    0.000000] x86/fpu: Using 'lazy' FPU context switches.
[    0.000000] e820: BIOS-provided physical RAM map:
[    0.000000] BIOS-e820: [mem 0x0000000000000000-0x000000000009fbff] usable
[    0.000000] BIOS-e820: [mem 0x000000000009fc00-0x000000000009ffff] reserved
[    0.000000] BIOS-e820: [mem 0x00000000000f0000-0x00000000000fffff] reserved
[    0.000000] BIOS-e820: [mem 0x0000000000100000-0x000000003ffeffff] usable
[    0.000000] BIOS-e820: [mem 0x000000003fff0000-0x000000003fffffff] ACPI data
[    0.000000] BIOS-e820: [mem 0x00000000fec00000-0x00000000fec00fff] reserved
[    0.000000] BIOS-e820: [mem 0x00000000fee00000-0x00000000fee00fff] reserved
[    0.000000] BIOS-e820: [mem 0x00000000fffc0000-0x00000000ffffffff] reserved
[    0.000000] NX (Execute Disable) protection: active
[    0.000000] SMBIOS 2.5 present.
[    0.000000] Hypervisor detected: KVM
[    0.000000] e820: last_pfn = 0x3fff0 max_arch_pfn = 0x400000000
[    0.000000] MTRR: Disabled
[    0.000000] x86/PAT: MTRRs disabled, skipping PAT initialization too.
[    0.000000] x86/PAT: Configuration [0-7]: WB  WT  UC- UC  WB  WT  UC- UC  
[    0.000000] CPU MTRRs all blank - virtualized system.
[    0.000000] found SMP MP-table at [mem 0x0009fff0-0x0009ffff] mapped at [ffff88000009fff0]
[    0.000000] Scanning 1 areas for low memory corruption
[    0.000000] RAMDISK: [mem 0x33842000-0x35c18fff]
[    0.000000] ACPI: Early table checksum verification disabled
[    0.000000] ACPI: RSDP 0x00000000000E0000 000024 (v02 VBOX  )
[    0.000000] ACPI: XSDT 0x000000003FFF0030 00003C (v01 VBOX   VBOXXSDT 00000001 ASL  00000061)
[    0.000000] ACPI: FACP 0x000000003FFF00F0 0000F4 (v04 VBOX   VBOXFACP 00000001 ASL  00000061)
[    0.000000] ACPI: DSDT 0x000000003FFF0470 0021C8 (v02 VBOX   VBOXBIOS 00000002 INTL 20100528)
[    0.000000] ACPI: FACS 0x000000003FFF0200 000040
[    0.000000] ACPI: FACS 0x000000003FFF0200 000040
[    0.000000] ACPI: APIC 0x000000003FFF0240 00005C (v02 VBOX   VBOXAPIC 00000001 ASL  00000061)
[    0.000000] ACPI: SSDT 0x000000003FFF02A0 0001CC (v01 VBOX   VBOXCPUT 00000002 INTL 20100528)
[    0.000000] No NUMA configuration found
[    0.000000] Faking a node at [mem 0x0000000000000000-0x000000003ffeffff]
[    0.000000] NODE_DATA(0) allocated [mem 0x3ffeb000-0x3ffeffff]
[    0.000000] kvm-clock: Using msrs 4b564d01 and 4b564d00
[    0.000000] kvm-clock: cpu 0, msr 0:3ffe3001, primary cpu clock
[    0.000000] kvm-clock: using sched offset of 4079844315 cycles
[    0.000000] clocksource: kvm-clock: mask: 0xffffffffffffffff max_cycles: 0x1cd42e4dffb, max_idle_ns: 881590591483 ns
[    0.000000] Zone ranges:
[    0.000000]   DMA      [mem 0x0000000000001000-0x0000000000ffffff]
[    0.000000]   DMA32    [mem 0x0000000001000000-0x000000003ffeffff]
[    0.000000]   Normal   empty
[    0.000000]   Device   empty
[    0.000000] Movable zone start for each node
[    0.000000] Early memory node ranges
[    0.000000]   node   0: [mem 0x0000000000001000-0x000000000009efff]
[    0.000000]   node   0: [mem 0x0000000000100000-0x000000003ffeffff]
[    0.000000] Initmem setup node 0 [mem 0x0000000000001000-0x000000003ffeffff]
[    0.000000] ACPI: PM-Timer IO Port: 0x4008
[    0.000000] IOAPIC[0]: apic_id 2, version 32, address 0xfec00000, GSI 0-23
[    0.000000] ACPI: INT_SRC_OVR (bus 0 bus_irq 0 global_irq 2 dfl dfl)
[    0.000000] ACPI: INT_SRC_OVR (bus 0 bus_irq 9 global_irq 9 high level)
[    0.000000] Using ACPI (MADT) for SMP configuration information
[    0.000000] smpboot: Allowing 2 CPUs, 0 hotplug CPUs
[    0.000000] PM: Registered nosave memory: [mem 0x00000000-0x00000fff]
[    0.000000] PM: Registered nosave memory: [mem 0x0009f000-0x0009ffff]
[    0.000000] PM: Registered nosave memory: [mem 0x000a0000-0x000effff]
[    0.000000] PM: Registered nosave memory: [mem 0x000f0000-0x000fffff]
[    0.000000] e820: [mem 0x40000000-0xfebfffff] available for PCI devices
[    0.000000] Booting paravirtualized kernel on KVM
[    0.000000] clocksource: refined-jiffies: mask: 0xffffffff max_cycles: 0xffffffff, max_idle_ns: 7645519600211568 ns
[    0.000000] setup_percpu: NR_CPUS:512 nr_cpumask_bits:512 nr_cpu_ids:2 nr_node_ids:1
[    0.000000] PERCPU: Embedded 33 pages/cpu @ffff88003fc00000 s98264 r8192 d28712 u1048576
[    0.000000] PV qspinlock hash table entries: 256 (order: 0, 4096 bytes)
[    0.000000] Built 1 zonelists in Node order, mobility grouping on.  Total pages: 257913
[    0.000000] Policy zone: DMA32
[    0.000000] Kernel command line: BOOT_IMAGE=/boot/vmlinuz-4.4.0-87-generic root=UUID=f8e3dcb2-3cd5-4ae7-9dd4-4c623a1da140 ro console=tty1 console=ttyS0
[    0.000000] PID hash table entries: 4096 (order: 3, 32768 bytes)
[    0.000000] Memory: 975876K/1048120K available (8474K kernel code, 1293K rwdata, 3984K rodata, 1488K init, 1316K bss, 72244K reserved, 0K cma-reserved)
[    0.000000] SLUB: HWalign=64, Order=0-3, MinObjects=0, CPUs=2, Nodes=1
[    0.000000] Hierarchical RCU implementation.
[    0.000000] 	Build-time adjustment of leaf fanout to 64.
[    0.000000] 	RCU restricting CPUs from NR_CPUS=512 to nr_cpu_ids=2.
[    0.000000] RCU: Adjusting geometry for rcu_fanout_leaf=64, nr_cpu_ids=2
[    0.000000] NR_IRQS:33024 nr_irqs:440 16
[    0.000000] Console: colour VGA+ 80x25
[    0.000000] console [tty1] enabled
[    0.000000] console [ttyS0] enabled
[    0.000000] tsc: Detected 2494.226 MHz processor
[   13.008426] Calibrating delay loop (skipped) preset value.. 4988.45 BogoMIPS (lpj=9976904)
[   13.191620] pid_max: default: 32768 minimum: 301
[   13.296354] ACPI: Core revision 20150930
[   13.374728] ACPI: 2 ACPI AML tables successfully acquired and loaded
[   13.527389] Security Framework initialized
[   13.624826] Yama: becoming mindful.
[   13.709598] AppArmor: AppArmor initialized
[   13.736214] Dentry cache hash table entries: 131072 (order: 8, 1048576 bytes)
[   13.791181] Inode-cache hash table entries: 65536 (order: 7, 524288 bytes)
[   13.911235] Mount-cache hash table entries: 2048 (order: 2, 16384 bytes)
[   14.066316] Mountpoint-cache hash table entries: 2048 (order: 2, 16384 bytes)
[   14.221559] Initializing cgroup subsys io
[   14.291288] Initializing cgroup subsys memory
[   14.297648] Initializing cgroup subsys devices
[   14.298566] Initializing cgroup subsys freezer
[   14.322842] Initializing cgroup subsys net_cls
[   14.391673] Initializing cgroup subsys perf_event
[   14.506140] Initializing cgroup subsys net_prio
[   14.590780] Initializing cgroup subsys hugetlb
[   14.689376] Initializing cgroup subsys pids
[   14.759373] CPU: Physical Processor ID: 0
[   14.833781] CPU: Processor Core ID: 0
[   14.861042] mce: CPU supports 0 MCE banks
[   14.884400] Last level iTLB entries: 4KB 1024, 2MB 1024, 4MB 1024
[   14.932771] Last level dTLB entries: 4KB 1024, 2MB 1024, 4MB 1024, 1GB 4
[   15.072232] Freeing SMP alternatives memory: 32K (ffffffff820b9000 - ffffffff820c1000)
[   15.267599] ftrace: allocating 32128 entries in 126 pages
[   15.398432] smpboot: APIC(0) Converting physical 0 to logical package 0
[   15.522958] smpboot: Max logical packages: 1
[   15.627786] x2apic enabled
[   15.696168] Switched APIC routing to physical x2apic.
[   15.802276] ..TIMER: vector=0x30 apic1=0 pin1=2 apic2=-1 pin2=-1
[   16.042887] smpboot: CPU0: Intel(R) Core(TM) i7-4870HQ CPU @ 2.50GHz (family: 0x6, model: 0x46, stepping: 0x1)
[   16.285566] Performance Events: unsupported p6 CPU model 70 no PMU driver, software events only.
[   16.489616] KVM setup paravirtual spinlock
[   16.582983] x86: Booting SMP configuration:
[   16.686659] .... node  #0, CPUs:      #1
[   16.774684] kvm-clock: cpu 1, msr 0:3ffe3041, secondary cpu clock
[   16.911767] mce: CPU supports 0 MCE banks
[   17.034437] x86: Booted up 1 node, 2 CPUs
[   17.072766] smpboot: Total of 2 processors activated (9976.90 BogoMIPS)
[   17.150273] devtmpfs: initialized
[   17.214867] evm: security.selinux
[   17.308101] evm: security.SMACK64
[   17.390135] evm: security.SMACK64EXEC
[   17.481222] evm: security.SMACK64TRANSMUTE
[   17.584410] evm: security.SMACK64MMAP
[   17.682943] evm: security.ima
[   17.744290] evm: security.capability
[   17.843111] clocksource: jiffies: mask: 0xffffffff max_cycles: 0xffffffff, max_idle_ns: 7645041785100000 ns
[   18.091701] futex hash table entries: 512 (order: 3, 32768 bytes)
[   18.180482] pinctrl core: initialized pinctrl subsystem
[   18.212547] RTC time: 17:57:55, date: 07/28/17
[   18.326540] NET: Registered protocol family 16
[   18.451586] cpuidle: using governor ladder
[   18.555354] cpuidle: using governor menu
[   18.655116] PCCT header not found.
[   18.729422] ACPI: bus type PCI registered
[   18.785648] acpiphp: ACPI Hot Plug PCI Controller Driver version: 0.5
[   18.928268] PCI: Using configuration type 1 for base access
[   19.068224] ACPI: Added _OSI(Module Device)
[   19.157841] ACPI: Added _OSI(Processor Device)
[   19.255931] ACPI: Added _OSI(3.0 _SCP Extensions)
[   19.290281] ACPI: Added _OSI(Processor Aggregator Device)
[   19.359010] ACPI: Executed 1 blocks of module-level executable AML code
[   19.508142] ACPI: Interpreter enabled
[   19.599812] ACPI: (supports S0 S5)
[   19.679354] ACPI: Using IOAPIC for interrupt routing
[   19.791242] PCI: Using host bridge windows from ACPI; if necessary, use "pci=nocrs" and report a bug
[   20.021241] ACPI: PCI Root Bridge [PCI0] (domain 0000 [bus 00-ff])
[   20.168102] acpi PNP0A03:00: _OSC: OS supports [ASPM ClockPM Segments MSI]
[   20.339725] acpi PNP0A03:00: _OSC failed (AE_NOT_FOUND); disabling ASPM
[   20.410770] acpi PNP0A03:00: fail to add MMCONFIG information, can't access extended PCI configuration space under this bridge.
[   20.655091] PCI host bridge to bus 0000:00
[   20.768214] pci_bus 0000:00: root bus resource [io  0x0000-0x0cf7 window]
[   20.920035] pci_bus 0000:00: root bus resource [io  0x0d00-0xffff window]
[   21.095262] pci_bus 0000:00: root bus resource [mem 0x000a0000-0x000bffff window]
[   21.116802] pci_bus 0000:00: root bus resource [mem 0x40000000-0xffdfffff window]
[   21.118007] pci_bus 0000:00: root bus resource [bus 00-ff]
[   21.242069] pci 0000:00:01.1: legacy IDE quirk: reg 0x10: [io  0x01f0-0x01f7]
[   21.404843] pci 0000:00:01.1: legacy IDE quirk: reg 0x14: [io  0x03f6]
[   21.515153] pci 0000:00:01.1: legacy IDE quirk: reg 0x18: [io  0x0170-0x0177]
[   21.536541] pci 0000:00:01.1: legacy IDE quirk: reg 0x1c: [io  0x0376]
[   21.710502] pci 0000:00:07.0: quirk: [io  0x4000-0x403f] claimed by PIIX4 ACPI
[   21.867444] pci 0000:00:07.0: quirk: [io  0x4100-0x410f] claimed by PIIX4 SMB
[   22.045671] ACPI: PCI Interrupt Link [LNKA] (IRQs 5 9 10 *11)
[   22.183667] ACPI: PCI Interrupt Link [LNKB] (IRQs 5 9 10 *11)
[   22.307067] ACPI: PCI Interrupt Link [LNKC] (IRQs 5 9 *10 11)
[   22.416702] ACPI: PCI Interrupt Link [LNKD] (IRQs 5 *9 10 11)
[   22.512424] ACPI: Enabled 2 GPEs in block 00 to 07
[   22.577703] vgaarb: setting as boot device: PCI:0000:00:02.0
[   22.619130] vgaarb: device added: PCI:0000:00:02.0,decodes=io+mem,owns=io+mem,locks=none
[   22.781641] vgaarb: loaded
[   22.851043] vgaarb: bridge control possible 0000:00:02.0
[   22.981350] SCSI subsystem initialized
[   23.080157] ACPI: bus type USB registered
[   23.179275] usbcore: registered new interface driver usbfs
[   23.322096] usbcore: registered new interface driver hub
[   23.462464] usbcore: registered new device driver usb
[   23.586379] PCI: Using ACPI for IRQ routing
[   23.678209] NetLabel: Initializing
[   23.708066] NetLabel:  domain hash size = 128
[   23.767112] NetLabel:  protocols = UNLABELED CIPSOv4
[   23.889595] NetLabel:  unlabeled traffic allowed by default
[   24.018899] amd_nb: Cannot enumerate AMD northbridges
[   24.141817] clocksource: Switched to clocksource kvm-clock
[   24.276313] AppArmor: AppArmor Filesystem Enabled
[   24.415459] pnp: PnP ACPI init
[   24.481060] pnp: PnP ACPI: found 3 devices
[   24.579892] clocksource: acpi_pm: mask: 0xffffff max_cycles: 0xffffff, max_idle_ns: 2085701024 ns
[   24.800965] NET: Registered protocol family 2
[   24.861815] TCP established hash table entries: 8192 (order: 4, 65536 bytes)
[   25.037296] TCP bind hash table entries: 8192 (order: 5, 131072 bytes)
[   25.236836] TCP: Hash tables configured (established 8192 bind 8192)
[   25.414381] UDP hash table entries: 512 (order: 2, 16384 bytes)
[   25.568623] UDP-Lite hash table entries: 512 (order: 2, 16384 bytes)
[   25.745834] NET: Registered protocol family 1
[   25.851429] pci 0000:00:00.0: Limiting direct PCI/PCI transfers
[   25.942486] pci 0000:00:01.0: Activating ISA DMA hang workarounds
[   26.107348] Unpacking initramfs...
[   26.656061] Freeing initrd memory: 36700K (ffff880033842000 - ffff880035c19000)
[   26.772359] platform rtc_cmos: registered platform RTC device (no PNP device found)
[   26.841601] Scanning for low memory corruption every 60 seconds
[   26.883089] audit: initializing netlink subsys (disabled)
[   26.987046] audit: type=2000 audit(1501264666.744:1): initialized
[   27.035891] Initialise system trusted keyring
[   27.088868] HugeTLB registered 2 MB page size, pre-allocated 0 pages
[   27.393571] zbud: loaded
[   27.443457] VFS: Disk quotas dquot_6.6.0
[   27.589814] VFS: Dquot-cache hash table entries: 512 (order 0, 4096 bytes)
[   27.790174] tsc: Refined TSC clocksource calibration: 2494.243 MHz
[   27.869735] clocksource: tsc: mask: 0xffffffffffffffff max_cycles: 0x23f3fb4f784, max_idle_ns: 440795249887 ns
[   27.870085] squashfs: version 4.0 (2009/01/31) Phillip Lougher
[   28.145840] fuse init (API version 7.23)
[   28.231966] Key type big_key registered
[   28.328808] Allocating IMA MOK and blacklist keyrings.
[   28.461311] Key type asymmetric registered
[   28.463177] Asymmetric key parser 'x509' registered
[   28.463992] Block layer SCSI generic (bsg) driver version 0.4 loaded (major 249)
[   28.465330] io scheduler noop registered
[   28.563677] io scheduler deadline registered (default)
[   28.695028] io scheduler cfq registered
[   28.779934] pci_hotplug: PCI Hot Plug PCI Core version: 0.5
[   28.939512] pciehp: PCI Express Hot Plug Controller Driver version: 0.4
[   29.123771] ACPI: AC Adapter [AC] (on-line)
[   29.221701] input: Power Button as /devices/LNXSYSTM:00/LNXPWRBN:00/input/input0
[   29.278563] ACPI: Power Button [PWRF]
[   29.313455] input: Sleep Button as /devices/LNXSYSTM:00/LNXSLPBN:00/input/input1
[   29.476132] ACPI: Sleep Button [SLPF]
[   29.570107] GHES: HEST is not enabled!
[   29.571008] ACPI: Battery Slot [BAT0] (battery present)
[   29.763526] Serial: 8250/16550 driver, 32 ports, IRQ sharing enabled
[   29.855972] 00:02: ttyS0 at I/O 0x3f8 (irq = 4, base_baud = 115200) is a 16550A
[   29.979741] Linux agpgart interface v0.103
[   30.097548] loop: module loaded
[   30.192969] scsi host0: ata_piix
[   30.209986] scsi host1: ata_piix
[   30.250358] ata1: PATA max UDMA/33 cmd 0x1f0 ctl 0x3f6 bmdma 0xd000 irq 14
[   30.251336] ata2: PATA max UDMA/33 cmd 0x170 ctl 0x376 bmdma 0xd008 irq 15
[   30.252393] libphy: Fixed MDIO Bus: probed
[   30.299966] tun: Universal TUN/TAP device driver, 1.6
[   30.335778] tun: (C) 1999-2004 Max Krasnyansky <maxk@qualcomm.com>
[   30.360525] PPP generic driver version 2.4.2
[   30.382831] ehci_hcd: USB 2.0 'Enhanced' Host Controller (EHCI) Driver
[   30.402760] ehci-pci: EHCI PCI platform driver
[   30.451373] ehci-platform: EHCI generic platform driver
[   30.544387] ohci_hcd: USB 1.1 'Open' Host Controller (OHCI) Driver
[   30.689649] ohci-pci: OHCI PCI platform driver
[   30.755303] ohci-platform: OHCI generic platform driver
[   30.851592] uhci_hcd: USB Universal Host Controller Interface driver
[   30.891007] i8042: PNP: PS/2 Controller [PNP0303:PS2K,PNP0f03:PS2M] at 0x60,0x64 irq 1,12
[   31.065774] serio: i8042 KBD port at 0x60,0x64 irq 1
[   31.175684] serio: i8042 AUX port at 0x60,0x64 irq 12
[   31.204033] mousedev: PS/2 mouse device common for all mice
[   31.205360] input: AT Translated Set 2 keyboard as /devices/platform/i8042/serio0/input/input2
[   31.206888] rtc_cmos rtc_cmos: rtc core: registered rtc_cmos as rtc0
[   31.309668] rtc_cmos rtc_cmos: alarms up to one day, 114 bytes nvram
[   31.456030] i2c /dev entries driver
[   31.495970] device-mapper: uevent: version 1.0.3
[   31.575512] device-mapper: ioctl: 4.34.0-ioctl (2015-10-28) initialised: dm-devel@redhat.com
[   31.732175] ledtrig-cpu: registered to indicate activity on CPUs
[   31.859338] NET: Registered protocol family 10
[   31.951141] NET: Registered protocol family 17
[   32.052092] Key type dns_resolver registered
[   32.161604] microcode: CPU0 sig=0x40661, pf=0x40, revision=0x0
[   32.306371] microcode: CPU1 sig=0x40661, pf=0x40, revision=0x0
[   32.428278] microcode: Microcode Update Driver: v2.01 <tigran@aivazian.fsnet.co.uk>, Peter Oruba
[   32.588595] registered taskstats version 1
[   32.627308] Loading compiled-in X.509 certificates
[   32.724462] Loaded X.509 cert 'Build time autogenerated kernel key: 713bc24ccc5bf0d11d706d6f5bf7187ed23f7b25'
[   32.960690] zswap: loaded using pool lzo/zbud
[   33.061446] Key type trusted registered
[   33.143078] Key type encrypted registered
[   33.231294] AppArmor: AppArmor sha1 policy hashing enabled
[   33.323812] ima: No TPM chip found, activating TPM-bypass!
[   33.442592] evm: HMAC attrs: 0x1
[   33.491593]   Magic number: 9:357:998
[   33.586375] i8042 kbd 00:00: hash matches
[   33.680152] rtc_cmos rtc_cmos: setting system clock to 2017-07-28 17:58:10 UTC (1501264690)
[   33.855284] BIOS EDD facility v0.16 2004-Jun-25, 0 devices found
[   33.985911] EDD information not available.
[   34.104968] Freeing unused kernel memory: 1488K (ffffffff81f45000 - ffffffff820b9000)
[   34.260875] Write protecting the kernel read-only data: 14336k
[   34.409159] Freeing unused kernel memory: 1756K (ffff880001849000 - ffff880001a00000)
[   34.584036] Freeing unused kernel memory: 112K (ffff880001de4000 - ffff880001e00000)
Loading, please [   34.753516] random: systemd-udevd: uninitialized urandom read (16 bytes read, 4 bits of entropy available)
wait...
startin[   34.754044] random: udevadm: uninitialized urandom read (16 bytes read, 4 bits of entropy available)
g version 229
[   34.754072] random: udevadm: uninitialized urandom read (16 bytes read, 4 bits of entropy available)
[   34.754160] random: udevadm: uninitialized urandom read (16 bytes read, 4 bits of entropy available)
[   34.754190] random: udevadm: uninitialized urandom read (16 bytes read, 4 bits of entropy available)
[   34.754220] random: udevadm: uninitialized urandom read (16 bytes read, 4 bits of entropy available)
[   34.754250] random: udevadm: uninitialized urandom read (16 bytes read, 4 bits of entropy available)
[   34.754280] random: udevadm: uninitialized urandom read (16 bytes read, 4 bits of entropy available)
[   34.754306] random: udevadm: uninitialized urandom read (16 bytes read, 4 bits of entropy available)
[   34.754334] random: udevadm: uninitialized urandom read (16 bytes read, 4 bits of entropy available)
[   36.723867] ACPI: Video Device [GFX0] (multi-head: yes  rom: no  post: no)
[   36.954358] input: Video Bus as /devices/LNXSYSTM:00/LNXSYBUS:00/PNP0A03:00/LNXVIDEO:00/input/input4
[   37.039383] e1000: Intel(R) PRO/1000 Network Driver - version 7.3.21-k8-NAPI
[   37.086892] e1000: Copyright (c) 1999-2006 Intel Corporation.
[   37.231175] FUJITSU Extended Socket Network Device Driver - version 1.0 - Copyright (c) 2015 FUJITSU LIMITED
[   37.601195] Fusion MPT base driver 3.04.20
[   37.690849] Copyright (c) 1999-2008 LSI Corporation
[   37.842608] input: ImExPS/2 Generic Explorer Mouse as /devices/platform/i8042/serio1/input/input5
[   38.020998] Fusion MPT SPI Host driver 3.04.20
[   38.113727] AVX version of gcm_enc/dec engaged.
[   38.158199] AES CTR mode by8 optimization enabled
[   38.183382] e1000 0000:00:03.0 eth0: (PCI:33MHz:32-bit) 02:f5:11:8e:75:47
[   38.183385] e1000 0000:00:03.0 eth0: Intel(R) PRO/1000 Network Connection
[   38.337581] e1000 0000:00:03.0 enp0s3: renamed from eth0
[   38.337663] mptbase: ioc0: Initiating bringup
[   38.398081] ioc0: LSI53C1030 A0: Capabilities={Initiator}
[   38.560230] scsi host2: ioc0: LSI53C1030 A0, FwRev=00000000h, Ports=1, MaxQ=256, IRQ=20
[   38.931048] scsi 2:0:0:0: Direct-Access     VBOX     HARDDISK         1.0  PQ: 0 ANSI: 5
[   39.141735] scsi target2:0:0: Beginning Domain Validation
[   39.240791] scsi target2:0:0: Domain Validation skipping write tests
[   39.279065] scsi target2:0:0: Ending Domain Validation
[   39.319782] scsi target2:0:0: asynchronous
[   39.331118] scsi 2:0:1:0: Direct-Access     VBOX     HARDDISK         1.0  PQ: 0 ANSI: 5
[   39.420427] scsi target2:0:1: Beginning Domain Validation
[   39.513438] scsi target2:0:1: Domain Validation skipping write tests
[   39.574028] scsi target2:0:1: Ending Domain Validation
[   39.614907] scsi target2:0:1: asynchronous
[   39.691483] sd 2:0:0:0: [sda] 20971520 512-byte logical blocks: (10.7 GB/10.0 GiB)
[   39.880136] sd 2:0:0:0: Attached scsi generic sg0 type 0
[   39.956921] sd 2:0:1:0: [sdb] 20480 512-byte logical blocks: (10.5 MB/10.0 MiB)
[   40.065461] sd 2:0:0:0: [sda] Write Protect is off
[   40.065714] sd 2:0:1:0: [sdb] Write Protect is off
[   40.065978] sd 2:0:1:0: [sdb] Incomplete mode parameter data
[   40.065979] sd 2:0:1:0: [sdb] Assuming drive cache: write through
[   40.111231] sd 2:0:1:0: Attached scsi generic sg1 type 0
[   40.113605] sd 2:0:1:0: [sdb] Attached SCSI disk
[   40.411152] sd 2:0:0:0: [sda] Incomplete mode parameter data
[   40.514068] sd 2:0:0:0: [sda] Assuming drive cache: write through
[   40.572414]  sda: sda1
[   40.574757] sd 2:0:0:0: [sda] Attached SCSI disk
[   40.602170] floppy0: no floppy controllers found
Begin: Loading e[   42.069469] md: linear personality registered for level -1
ssential drivers[   42.097752] md: multipath personality registered for level -4
 ... [   42.153217] md: raid0 personality registered for level 0
[   42.195980] md: raid1 personality registered for level 1
[   42.302348] raid6: sse2x1   gen()  8763 MB/s
[   42.433937] raid6: sse2x1   xor()  7990 MB/s
[   42.534020] raid6: sse2x2   gen() 10216 MB/s
[   42.625990] raid6: sse2x2   xor()  7014 MB/s
[   42.737958] raid6: sse2x4   gen() 13543 MB/s
[   42.911156] raid6: sse2x4   xor()  8445 MB/s
[   42.942156] raid6: using algorithm sse2x4 gen() 13543 MB/s
[   43.052562] raid6: .... xor() 8445 MB/s, rmw enabled
[   43.182072] raid6: using ssse3x2 recovery algorithm
[   43.295496] xor: automatically using best checksumming function:
[   43.470313]    avx       : 21547.000 MB/sec
[   43.553157] async_tx: api initialized (async)
[   43.753796] md: raid6 personality registered for level 6
[   43.778521] md: raid5 personality registered for level 5
[   43.786036] md: raid4 personality registered for level 4
[   43.837608] md: raid10 personality registered for level 10
done.
Begin: Running /scripts/i[   44.048452] Btrfs loaded
nit-premount ... done.
Begin: Mounting root file system ... Begin: Running /scripts/local-top ... done.
Begin: Running /scripts/local-premount ... Scanning for Btrfs filesystems
done.
[   44.181210] EXT4-fs (sda1): mounted filesystem with ordered data mode. Opts: (null)
Warning: fsck not present, so skipping root file system
done.
Begin: Running /scripts/local-bottom ... done.
Begin: Running /scripts/init-bottom ... done.
[   44.563913] systemd[1]: systemd 229 running in system mode. (+PAM +AUDIT +SELINUX +IMA +APPARMOR +SMACK +SYSVINIT +UTMP +LIBCRYPTSETUP +GCRYPT +GNUTLS +ACL +XZ -LZ4 +SECCOMP +BLKID +ELFUTILS +KMOD -IDN)
[   44.860210] system[1]: Detected virtualization oracle.
[   44.99724] systemd[1]: Detected architecture x86-64.

Welcome to [1mUbuntu 16.04.2 LTS[0m!

[   45.187156] systemd[1]: Set hostname to <ubuntu-xenial>.
[   45.505705] systemd[1]: Listening on LVM2 metadata daemon socket.
[[0;32m  OK  [0m] Listening on LVM2 metadata daemon socket.
[   45.509065] systemd[1]: Created slice System Slice.
[[0;32m  OK  [0m] Created slice System Slice.
[   45.510807] systemd[1]: Listening on Syslog Socket.
[[0;32m  OK  [0m] Listening on Syslog Socket.
[   45.512549 sstemd[1]: Listening on /dev/initctl Compatibility Named Pipe.
[[0;32m  OK  [0m] Listening on /dev/initctl Compatibility Named Pipe.
[   45.822776] systemd[1]: Created slice User and Session Slice.
[[0;32m  OK  [0m] Created slice User and Session Slice.
[   46.050132] systemd[1]: Listening on udev Control Socket.
[[0;32m  OK  [0m] Listening on udev Control Socket.
[   46.229152] systemd[1]: Set up automount Arbitrary Executable File Formats File System Automount Point.
[[0;32m  OK  [0m] Set up automount Arbitrary Executab...ats File System Automount Point.
[   46.476846] systemd[1]: Listening on Journal Socket.
[[0;32m  OK  [0m] Listening on Journal Socket.
[   46.538075] systemd[1]: Starting Nameserver information manager...
         Starting Nameser[   46.724511] random: nonblocking pool is initialized
ver information manager...
[   46.910900] systemd[1]: Reached target Encrypted Volumes.
[[0;32m  OK  [0m] Reached target Encrypted Volumes.
[   47.134099] systemd[1]: Listening on Journal Socket (/dev/log).
[[0;32m  OK  [0m] Listening on Journal Socket (/dev/log).
[   47.294480] systemd[1]: Starting Load Kernel Modules...
         [   47.485128] Loading iSCSI transport class v2.0-870.
Starting Load Ke[   47.641061] iscsi: registered transport (tcp)
rnel Modules...
[   47.830084] systemd[1]: Starting Remount Root and Kernel File Systems...
         [   47.937010] iscsi: registered transport (iser)
Starting Remount[   47.938445] EXT4-fs (sda1): re-mounted. Opts: (null)
 Root and Kernel File Systems...
[   8.24607] systemd[1]: Reached target Swap.
[[0;32m  OK  [0m] Reached target Swap.
[   48.459017] systemd[1]: Listening on udev Kernel Socket.
[[0;32m  OK  [0m] Listening on udev Kernel Socket.
[   48.682579] systemd[1]: Started Trigger resolvconf update for networkd DNS.
[[0;32m  OK  [0m] Started Trigger resolvconf update for networkd DNS.
[   48.982339] systemd[1]: Mounting Huge Pages File System...
         Mounting Huge Pages File System...
[   49.202446] systemd[1]: Listening on Journal Audit Socket.
[[0;32m  OK  [0m] Listening on Journal Audit Socket.
[   49.438260] systemd[1]: Starting Journal Service...
         Starting Journal Service...
[   49.478793] systemd[1]: Created slice system-serial\x2dgetty.slice
[[0;32m  OK  [0m] Created slice system-serial\x2dgetty.slice.
[   49.826372] systemd[1]: Mounting Debug File System...
         Mounting Debug File System...
[   50.030161] systemd[1]: Reached target Slices.
[[0;32m  OK  [0m] Reached target Slices.
[   50.270208] systemd[1]: Starting Create list of reuuired static device nodes for the current kernel...
         Starting Create list of required st... nodes for the current kernel...
[   50.606332] systemd[1]: Starting Set console keymap...
         Starting Set console keymap...
[   50.858320] systemd[1]: Listening on Device-mapper event daemon FIFOs.
[[0;32m  OK  [0m] Listening on Device-mapper event daemon FIFOs.
[   51.122449] systemd[1]: Starting Monitoring of LVM2 mirrors, snapshots etc. using dmeventd or progress polling...
         Starting Monitoring of LVM2 mirrors... dmeventd or progress polling...
[   51.452701] systemd[1]: Reached target User and Group Name Lookups.
[[0;32m  OK  [0m] Reached target User and Group Name Lookups.
[   51.554351] systemd[1]: Starting Uncomplicated firewall...
         Starting Uncomplicated firewall...
[   51.721572] systemd[1]: Started Forward Password Requests to Wall Directory Watch.
[[0;32m  OK  [0m] Started Forward Password Requests to Wall Directory Watch.
[   52.010519] systemd[1]: Listening on LVM2 poll daemon socket.
[[0;32m  OK  [0m] Listening on LVM2 poll daemon socket.
[   52.262440] systemd[1]: Mounting POSIX Message Queue File System...
         Mounting POSIX Message Queue File System...
[   52.504160] systemd[1]: Mounted Huge Pages File System.
[[0;32m  OK  [0m] Mounted Huge Pages File System.
[   52.710470] systemd[1]: Mounted POSIX Message Queue File System.
[[0;32m  OK  [0m] Mounted POSIX Message Queue File System.
[   52.886309] systemd[1]: Mounted Debug File System.
[[0;32m  OK  [0m] Mounted Debug File System.
[   53.106918] systemd[1]: Started Journal Service.
[[0;32m  OK  [0m] Started Journal Service.
[[0;32m  OK  [0m] Started Load Kernel Modules.
[[0;32m  OK  [0m] Started Remount Root and Kernel File Systems.
[[0;32m  OK  [0m] Started Create list of required sta...ce nodes for the current kernel.
[[0;32m  OK  [0m] Started Set console keymap.
[[0;32m  OK  [0m] Started Uncomplicated firewall.
[[0;32m  OK  [0m] Started Nameserver information manager.
[[0;32m  OK  [0m] Started LVM2 metadata daemon.
         Starting Create Static Device Nodes in /dev...
         Starting Initial cloud-init job (pre-networking)...
         Starting Load/Save Random Seed...
         Starting udev Coldplug all Devices...
         Starting Apply Kernel Variables...
         Mounting FUSE Control File System...
         Starting Flush Journal to Persistent Storage...
[[0;32m  OK  [0m] Mounted FUSE Control File System.
[[0;32m  OK  [0m] Started Create Static Device Nodes in /dev.
[[0;32m  OK  [0m] Started Load/Save Random Seed.
[[0;32m  OK  [0m] Started Apply Kernel Variables.
[[0;32m  OK  [0m] Started udev Coldplug all Devices.
[[0;32m  OK  [0m] Started Flush Journal to Persistent Storage.
         Starting udev Kernel Device Manager...
[[0;32m  OK  [0m] Started udev Kernel Device Manager.
[[0;32m  OK  [0m] Started Monitoring of LVM2 mirrors,...ng dmeventd or progress polling.
[[0;32m  OK  [0m] Reached target Local File Systems (Pre).
[[0;32m  OK  [0m] Reached target Local File Systems.
         Starting Set console font and keymap...
         Starting Tell Plymouth To Write Out Runtime Data...
         Starting Create Volatile Files and Directories...
         Starting LSB: AppArmor initialization...
[[0;32m  OK  [0m] Started Dispatch Password Requests to Console Directory Watch.
[[0;32m  OK  [0m] Started Tell Plymouth To Write Out Runtime Data.
[[0;32m  OK  [0m] Started Create Volatile Files and Directories.
[[0;32m  OK  [0m] Started Set console font and keymap.
[   34.866847] cloud-init[450]: Cloud-init v. 0.7.9 running 'init-local' at Fri, 28 Jul 2017 17:58:33 +0000. Up 33.55 seconds.
[[0;32m  OK  [0m] Found device /dev/ttyS0.
[[0;32m  OK  [0m] Started LSB: AppArmor initialization.
[[0;32m  OK  [0m] Started Initial cloud-init job (pre-networking).
[[0;32m  OK  [0m] Reached target Sound Card.
[[0;32m  OK  [0m] Listening on Load/Save RF Kill Switch Status /dev/rfkill Watch.
[[0;32m  OK  [0m] Reached target Network (Pre).
         Starting Raise network interfaces...
[[0;32m  OK  [0m] Started ifup for enp0s3.
[[0;32m  OK  [0m] Created slice system-getty.slice.
         Starting Update UTMP about System Boot/Shutdown...
[[0;32m  OK  [0m] Reached target System Time Synchronized.
[[0;32m  OK  [0m] Started Update UTMP about System Boot/Shutdown.
[[0;32m  OK  [0m] Started Raise network interfaces.
[[0;32m  OK  [0m] Reached target Network.
         Starting Initial cloud-init job (metadata service crawler)...
[   37.013349] cloud-init[960]: Cloud-init v. 0.7.9 running 'init' at Fri, 28 Jul 2017 17:58:36 +0000. Up 36.80 seconds.
[   37.116523] [cloud-init[0;32m  OK  [0m[960]: ] ci-info: +++++++++++++++++++++++++++++++++++++Net device info++++++++++++++++++++++++++++++++++++++Started Initial cloud-init job (metadata service crawler).

[   37.116945] cloud-init[960]: ci-info: +--------+------+----------------------------+---------------+-------+-------------------+
[   37.368349] [cloud-init[0;32m  OK  [0m[960]: ] ci-info: | Device |  Up  |          Address           |      Mask     | Scope |     Hw-Address    |Reached target Cloud-config availability.

[[0;32m  OK  [0m] Reached target Network is Online.
[   37.368831] cloud-init[960]: ci-info: +--------+------+----------------------------+---------------+-------+-------------------+
[   37.592328]          cloud-initStarting iSCSI initiator daemon (iscsid)...[960]: 
ci-info: | enp0s3 | True |         10.0.2.15          | 255.255.255.0 |   .   | 02:f5:11:8e:75:47 |
[   37.684419] [cloud-init[0;32m  OK  [0m[960]: ] ci-info: | enp0s3 | True | fe80::f5:11ff:fe8e:7547/64 |       .       |  link | 02:f5:11:8e:75:47 |Reached target System Initialization.

[   37.684963] cloud-init[960]: ci-info: |   lo   | True |         127.0.0.1          |   255.0.0.0   |   .   |         .         |
[   37.803225] [[0;32m  OK  [0m] Started Daily apt activities.
         Starting Docker Socket for the API.
cloud-init[960]: ci-info: |   lo   | True |          ::1/128           |       .       |  host |         .         |
[   37.944882]          cloud-initStarting LXD - unix socket.[960]: 
ci-info: +--------+------+----------------------------+---------------+-------+-------------------+
[   38.080882] [cloud-init[0;32m  OK  [0m[960]: ] ci-info: +++++++++++++++++++++++++++Route IPv4 info++++++++++++++++++++++++++++Started ACPI Events Check.

[[0;32m  OK  [0m] Reached target Paths.
         Starting Socket activation for snappy daemon.
[[0;32m  OK  [0m] Listening on UUID daemon activation socket.
[   38.081403] cloud-init[960]: ci-info: +-------+-------------+----------+---------------+-----------+-------+[
[0;32m  OK  [0m] Started Daily Cleanup of Temporary Directories.
[   38.444661] [cloud-init[0;32m  OK  [0m[960]: ] ci-info: | Route | Destination | Gateway  |    Genmask    | Interface | Flags |Listening on D-Bus System Message Bus Socket.

[[0;32m  OK  [0m] Listening on ACPID Listen Socket.
[[0;32m  OK  [0m] Started Timer to automatically refresh installed snaps.
[   38.445182] cloud-init[960]: ci-info: +-------+-------------+----------+---------------+-----------+-------+
[[0;32m  OK  [0m] Reached target Timers.
[   38.549216] cloud-init[960]: ci-info: |   0   |   0.0.0.0   | 10.0.2.2 |    0.0.0.0    |   enp0s3  |   UG  |
[   38.788575] [cloud-init[0;32m  OK  [0m[960]: ] ci-info: |   1   |   10.0.2.0  | 0.0.0.0  | 255.255.255.0 |   enp0s3  |   U   |Listening on Docker Socket for the API.

[[0;32m  OK  [0m] Listening on LXD - unix socket.
[[0;32m  OK  [0m] Listening on Socket activation for snappy daemon.
[   38.789131] cloud-init[960]: ci-info: +-------+-------------+----------+---------------+-----------+-------+
[[0;32m  OK  [0m] Started iSCSI initiator daemon (iscsid).
         Starting Login to default iSCSI targets...
[[0;32m  OK  [0m] Reached target Sockets.
[[0;32m  OK  [0m] Reached target Basic System.
         Starting LXD - container startup/shutdown...
         Starting Thermal Daemon Service...
         Starting System Logging Service...
[[0;32m  OK  [0m] Started FUSE filesystem for LXC.
         Starting LSB: MD monitoring daemon...
         Starting vboxadd.service...
[[0;32m  OK  [0m] Started D-Bus System Message Bus.
[[0;32m  OK  [0m] Started Thermal Daemon Service.
         Starting vboxadd-x11.service...
[[0;32m  OK  [0m] Started Unattended Upgrades Shutdown.
         Starting /etc/rc.local Compatibility...
         Starting OpenBSD Secure Shell server...
         Starting Accounts Service...
[[0;32m  OK  [0m] Started ACPI event daemon.
         Starting Login Service...
[[0;32m  OK  [0m] Started Snappy daemon.
         Starting Auto import assertions from block devices...
[[0;32m  OK  [0m] Started Deferred execution scheduler.
         Starting LSB: Record successful boot for GRUB...
[[0;32m  OK  [0m] Started Regular background program processing daemon.
         Starting Apply the settings specified in cloud-config...
         Starting Docker Application Container Engine...
[[0;32m  OK  [0m] Started System Logging Service.
[[0;32m  OK  [0m] Started OpenBSD Secure Shell server.
[[0;32m  OK  [0m] Started LXD - container startup/shutdown.
[[0;32m  OK  [0m] Started vboxadd.service.
[[0;32m  OK  [0m] Started vboxadd-x11.service.
[[0;32m  OK  [0m] Started /etc/rc.local Compatibility.
[[0;32m  OK  [0m] Started Auto import assertions from block devices.
[   40.082415] cloud-init[1160]: Cloud-init v. 0.7.9 running 'modules:config' at Fri, 28 Jul 2017 17:58:40 +0000. Up 40.00 seconds.
[[0;32m  OK  [0m] Started LSB: MD monitoring daemon.
[[0;32m  OK  [0m] Started Apply the settings specified in cloud-config.
[[0;32m  OK  [0m] Started Login to default iSCSI targets.
[[0;32m  OK  [0m] Started LSB: Record successful boot for GRUB.
         Starting Authenticate and Authorize Users to Run Privileged Tasks...
[[0;32m  OK  [0m] Reached target Remote File Systems (Pre).
[[0;32m  OK  [0m] Reached target Remote File Systems.
         Starting LSB: daemon to balance interrupts for SMP systems...
         Starting LSB: Set up cgroupfs mounts....
         Starting LSB: automatic crash report generation...
         Starting LSB: Set the CPU Frequency Scaling governor to "ondemand"...
         Starting Permit User Sessions...
         Starting vboxadd-service.service...
[[0;32m  OK  [0m] Started LSB: Set up cgroupfs mounts..
[[0;32m  OK  [0m] Started Permit User Sessions.
[[0;32m  OK  [0m] Started vboxadd-service.service.
[[0;32m  OK  [0m] Started Login Service.
[[0;32m  OK  [0m] Started Authenticate and Authorize Users to Run Privileged Tasks.
[[0;32m  OK  [0m] Started Accounts Service.
[[0;32m  OK  [0m] Started LSB: Set the CPU Frequency Scaling governor to "ondemand".
[[0;32m  OK  [0m] Started LSB: daemon to balance interrupts for SMP systems.
[[0;32m  OK  [0m] Started LSB: automatic crash report generation.
         Starting Hold until boot process finishes up...
         Starting Terminate Plymouth Boot Screen...
[[0;32m  OK  [0m] Started Hold until boot process finishes up.
[[0;32m  OK  [0m] Started Terminate Plymouth Boot Screen.
[[0;32m  OK  [0m] Started Getty on tty1.
         Starting Set console scheme...
[[0;32m  OK  [0m] Started Serial Getty on ttyS0.
[[0;32m  OK  [0m] Reached target Login Prompts.
[[0;32m  OK  [0m] Started Set console scheme.
[[0;32m  OK  [0m] Started Docker Application Container Engine.
[[0;32m  OK  [0m] Reached target Multi-User System.
[[0;32m  OK  [0m] Reached target Graphical Interface.
         Starting Execute cloud user/final scripts...
         Starting Update UTMP about System Runlevel Changes...
[[0;32m  OK  [0m] Started Update UTMP about System Runlevel Changes.
[   41.881451] cloud-init[1446]: Cloud-init v. 0.7.9 running 'modules:final' at Fri, 28 Jul 2017 17:58:41 +0000. Up 41.79 seconds.
[[0;32m  OK  [0m] Started Execute cloud user/final scripts.
[[0;32m  OK  [0m] Reached target Cloud-init target.
[   41.983176] cloud-init[1446]: Cloud-init v. 0.7.9 finished at Fri, 28 Jul 2017 17:58:41 +0000. Datasource DataSourceNoCloud [seed=/dev/sdb][dsmode=net].  Up 41.87 seconds

Ubuntu 16.04.2 LTS ubuntu-xenial ttyS0

ubuntu-xenial login: 